<?xml version="1.0" encoding="UTF-8"?>
<!-- Generated by org.testng.reporters.JUnitXMLReporter -->
<testsuite hostname="DESKTOP-275RVAP" name="Default test" tests="4" failures="0" timestamp="8 Nov 2018 23:50:25 GMT" time="12.79" errors="0">
  <testcase name="favorite" time="0.074" classname="com.keytroc.test.n11.TestPAge.TestPage"/>
  <testcase name="homePage" time="4.925" classname="com.keytroc.test.n11.TestPAge.TestPage"/>
  <testcase name="loginPage" time="3.709" classname="com.keytroc.test.n11.TestPAge.TestPage"/>
  <testcase name="searchB" time="4.065" classname="com.keytroc.test.n11.TestPAge.TestPage"/>
</testsuite> <!-- Default test -->
