<?xml version="1.0" encoding="UTF-8"?>
<testng-results skipped="0" failed="0" total="4" passed="4">
  <reporter-output>
  </reporter-output>
  <suite name="Default suite" duration-ms="12790" started-at="2018-11-08T23:50:12Z" finished-at="2018-11-08T23:50:25Z">
    <groups>
    </groups>
    <test name="Default test" duration-ms="12790" started-at="2018-11-08T23:50:12Z" finished-at="2018-11-08T23:50:25Z">
      <class name="com.keytroc.test.n11.TestPAge.TestPage">
        <test-method status="PASS" signature="favorite()[pri:0, instance:com.keytroc.test.n11.TestPAge.TestPage@2ed2d9cb]" name="favorite" duration-ms="74" started-at="2018-11-09T02:50:12Z" finished-at="2018-11-09T02:50:12Z">
          <reporter-output>
          </reporter-output>
        </test-method> <!-- favorite -->
        <test-method status="PASS" signature="homePage()[pri:0, instance:com.keytroc.test.n11.TestPAge.TestPage@2ed2d9cb]" name="homePage" duration-ms="4925" started-at="2018-11-09T02:50:12Z" finished-at="2018-11-09T02:50:17Z">
          <reporter-output>
          </reporter-output>
        </test-method> <!-- homePage -->
        <test-method status="PASS" signature="loginPage()[pri:0, instance:com.keytroc.test.n11.TestPAge.TestPage@2ed2d9cb]" name="loginPage" duration-ms="3709" started-at="2018-11-09T02:50:17Z" finished-at="2018-11-09T02:50:21Z">
          <reporter-output>
          </reporter-output>
        </test-method> <!-- loginPage -->
        <test-method status="PASS" signature="searchB()[pri:0, instance:com.keytroc.test.n11.TestPAge.TestPage@2ed2d9cb]" name="searchB" duration-ms="4065" started-at="2018-11-09T02:50:21Z" finished-at="2018-11-09T02:50:25Z">
          <reporter-output>
          </reporter-output>
        </test-method> <!-- searchB -->
      </class> <!-- com.keytroc.test.n11.TestPAge.TestPage -->
    </test> <!-- Default test -->
  </suite> <!-- Default suite -->
</testng-results>
